Arguments: 
  /Users/supernoir/.nvm/versions/node/v7.10.1/bin/node /usr/local/Cellar/yarn/1.3.2/libexec/bin/yarn.js init

PATH: 
  /Users/supernoir/.nvm/versions/node/v7.10.1/bin:/Users/supernoir/.bin:/usr/local/bin:/usr/bin:/bin:/usr/sbin:/sbin:/opt/X11/bin:/usr/local/go/bin:/usr/local/MacGPG2/bin:/Applications/Wireshark.app/Contents/MacOS

Yarn version: 
  1.3.2

Node version: 
  7.10.1

Platform: 
  darwin x64

npm manifest: 
  No manifest

yarn manifest: 
  No manifest

Lockfile: 
  No lockfile

Trace: 
  Error: canceled
      at Interface.<anonymous> (/usr/local/Cellar/yarn/1.3.2/libexec/lib/cli.js:121045:13)
      at emitNone (events.js:86:13)
      at Interface.emit (events.js:188:7)
      at Interface._ttyWrite (readline.js:733:16)
      at ReadStream.onkeypress (readline.js:120:10)
      at emitTwo (events.js:106:13)
      at ReadStream.emit (events.js:194:7)
      at emitKeys (internal/readline.js:402:14)
      at emitKeys.next (<anonymous>)
      at ReadStream.onData (readline.js:980:36)
